# JRE version: OpenJDK Runtime Environment (8.0_152-b02) (build 1.8.0_152-release-1024-b02)
# Java VM: OpenJDK 64-Bit Server VM (25.152-b02 mixed mode windows-amd64 compressed oops)
Heap:
 PSYoungGen      total 102400K, used 57397K [0x00000000e0000000, 0x00000000e7880000, 0x0000000100000000)
  eden space 84992K, 67% used [0x00000000e0000000,0x00000000e37b5570,0x00000000e5300000)
  from space 17408K, 2% used [0x00000000e5300000,0x00000000e5358000,0x00000000e6400000)
  to   space 17920K, 0% used [0x00000000e6700000,0x00000000e6700000,0x00000000e7880000)
 ParOldGen       total 314880K, used 194424K [0x00000000a0000000, 0x00000000b3380000, 0x00000000e0000000)
  object space 314880K, 61% used [0x00000000a0000000,0x00000000abdde2b8,0x00000000b3380000)
 Metaspace       used 75874K, capacity 78892K, committed 78996K, reserved 1118208K
  class space    used 9709K, capacity 10414K, committed 10428K, reserved 1048576K
GC Heap History (10 events):
Event: 72.228 GC heap before
{Heap before GC invocations=27 (full 4):
 PSYoungGen      total 97792K, used 96247K [0x00000000e0000000, 0x00000000e8080000, 0x0000000100000000)
  eden space 82432K, 100% used [0x00000000e0000000,0x00000000e5080000,0x00000000e5080000)
  from space 15360K, 89% used [0x00000000e5080000,0x00000000e5dfdc20,0x00000000e5f80000)
  to   space 17408K, 0% used [0x00000000e6f80000,0x00000000e6f80000,0x00000000e8080000)
 ParOldGen       total 93696K, used 92593K [0x00000000a0000000, 0x00000000a5b80000, 0x00000000e0000000)
  object space 93696K, 98% used [0x00000000a0000000,0x00000000a5a6c560,0x00000000a5b80000)
 Metaspace       used 75025K, capacity 77936K, committed 78228K, reserved 1118208K
  class space    used 9637K, capacity 10318K, committed 10428K, reserved 1048576K
Event: 72.487 GC heap after
Heap after GC invocations=27 (full 4):
 PSYoungGen      total 97792K, used 30574K [0x00000000e0000000, 0x00000000e8080000, 0x0000000100000000)
  eden space 82432K, 37% used [0x00000000e0000000,0x00000000e1ddb9d8,0x00000000e5080000)
  from space 15360K, 0% used [0x00000000e5080000,0x00000000e5080000,0x00000000e5f80000)
  to   space 17408K, 0% used [0x00000000e6f80000,0x00000000e6f80000,0x00000000e8080000)
 ParOldGen       total 153600K, used 84666K [0x00000000a0000000, 0x00000000a9600000, 0x00000000e0000000)
  object space 153600K, 55% used [0x00000000a0000000,0x00000000a52ae968,0x00000000a9600000)
 Metaspace       used 74987K, capacity 77828K, committed 78228K, reserved 1118208K
  class space    used 9624K, capacity 10294K, committed 10428K, reserved 1048576K
}
Event: 72.759 GC heap before
{Heap before GC invocations=28 (full 5):
 PSYoungGen      total 97792K, used 82432K [0x00000000e0000000, 0x00000000e8080000, 0x0000000100000000)
  eden space 82432K, 100% used [0x00000000e0000000,0x00000000e5080000,0x00000000e5080000)
  from space 15360K, 0% used [0x00000000e5080000,0x00000000e5080000,0x00000000e5f80000)
  to   space 17408K, 0% used [0x00000000e6f80000,0x00000000e6f80000,0x00000000e8080000)
 ParOldGen       total 171008K, used 170689K [0x00000000a0000000, 0x00000000aa700000, 0x00000000e0000000)
  object space 171008K, 99% used [0x00000000a0000000,0x00000000aa6b04d8,0x00000000aa700000)
 Metaspace       used 74988K, capacity 77828K, committed 78228K, reserved 1118208K
  class space    used 9624K, capacity 10294K, committed 10428K, reserved 1048576K
Event: 72.847 GC heap after
Heap after GC invocations=28 (full 5):
 PSYoungGen      total 97792K, used 0K [0x00000000e0000000, 0x00000000e8080000, 0x0000000100000000)
  eden space 82432K, 0% used [0x00000000e0000000,0x00000000e0000000,0x00000000e5080000)
  from space 15360K, 0% used [0x00000000e5080000,0x00000000e5080000,0x00000000e5f80000)
  to   space 17408K, 0% used [0x00000000e6f80000,0x00000000e6f80000,0x00000000e8080000)
 ParOldGen       total 253440K, used 162852K [0x00000000a0000000, 0x00000000af780000, 0x00000000e0000000)
  object space 253440K, 64% used [0x00000000a0000000,0x00000000a9f09048,0x00000000af780000)
 Metaspace       used 74988K, capacity 77828K, committed 78228K, reserved 1118208K
  class space    used 9624K, capacity 10294K, committed 10428K, reserved 1048576K
}
Event: 73.811 GC heap before
{Heap before GC invocations=29 (full 6):
 PSYoungGen      total 97792K, used 82432K [0x00000000e0000000, 0x00000000e8080000, 0x0000000100000000)
  eden space 82432K, 100% used [0x00000000e0000000,0x00000000e5080000,0x00000000e5080000)
  from space 15360K, 0% used [0x00000000e5080000,0x00000000e5080000,0x00000000e5f80000)
  to   space 17408K, 0% used [0x00000000e6f80000,0x00000000e6f80000,0x00000000e8080000)
 ParOldGen       total 278016K, used 275136K [0x00000000a0000000, 0x00000000b0f80000, 0x00000000e0000000)
  object space 278016K, 98% used [0x00000000a0000000,0x00000000b0cb02f0,0x00000000b0f80000)
 Metaspace       used 75045K, capacity 77904K, committed 78228K, reserved 1118208K
  class space    used 9633K, capacity 10296K, committed 10428K, reserved 1048576K
Event: 73.915 GC heap after
Heap after GC invocations=29 (full 6):
 PSYoungGen      total 97792K, used 0K [0x00000000e0000000, 0x00000000e8080000, 0x0000000100000000)
  eden space 82432K, 0% used [0x00000000e0000000,0x00000000e0000000,0x00000000e5080000)
  from space 15360K, 0% used [0x00000000e5080000,0x00000000e5080000,0x00000000e5f80000)
  to   space 17408K, 0% used [0x00000000e6f80000,0x00000000e6f80000,0x00000000e8080000)
 ParOldGen       total 314880K, used 194424K [0x00000000a0000000, 0x00000000b3380000, 0x00000000e0000000)
  object space 314880K, 61% used [0x00000000a0000000,0x00000000abdde2b8,0x00000000b3380000)
 Metaspace       used 75045K, capacity 77904K, committed 78228K, reserved 1118208K
  class space    used 9633K, capacity 10296K, committed 10428K, reserved 1048576K
}
Event: 73.970 GC heap before
{Heap before GC invocations=30 (full 6):
 PSYoungGen      total 97792K, used 81977K [0x00000000e0000000, 0x00000000e8080000, 0x0000000100000000)
  eden space 82432K, 99% used [0x00000000e0000000,0x00000000e500e430,0x00000000e5080000)
  from space 15360K, 0% used [0x00000000e5080000,0x00000000e5080000,0x00000000e5f80000)
  to   space 17408K, 0% used [0x00000000e6f80000,0x00000000e6f80000,0x00000000e8080000)
 ParOldGen       total 314880K, used 194424K [0x00000000a0000000, 0x00000000b3380000, 0x00000000e0000000)
  object space 314880K, 61% used [0x00000000a0000000,0x00000000abdde2b8,0x00000000b3380000)
 Metaspace       used 75148K, capacity 77992K, committed 78228K, reserved 1118208K
  class space    used 9653K, capacity 10302K, committed 10428K, reserved 1048576K
Event: 73.972 GC heap after
Heap after GC invocations=30 (full 6):
 PSYoungGen      total 90624K, used 416K [0x00000000e0000000, 0x00000000e7500000, 0x0000000100000000)
  eden space 84992K, 0% used [0x00000000e0000000,0x00000000e0000000,0x00000000e5300000)
  from space 5632K, 7% used [0x00000000e6f80000,0x00000000e6fe8000,0x00000000e7500000)
  to   space 17408K, 0% used [0x00000000e5300000,0x00000000e5300000,0x00000000e6400000)
 ParOldGen       total 314880K, used 194424K [0x00000000a0000000, 0x00000000b3380000, 0x00000000e0000000)
  object space 314880K, 61% used [0x00000000a0000000,0x00000000abdde2b8,0x00000000b3380000)
 Metaspace       used 75148K, capacity 77992K, committed 78228K, reserved 1118208K
  class space    used 9653K, capacity 10302K, committed 10428K, reserved 1048576K
}
Event: 74.440 GC heap before
{Heap before GC invocations=31 (full 6):
 PSYoungGen      total 90624K, used 85408K [0x00000000e0000000, 0x00000000e7500000, 0x0000000100000000)
  eden space 84992K, 100% used [0x00000000e0000000,0x00000000e5300000,0x00000000e5300000)
  from space 5632K, 7% used [0x00000000e6f80000,0x00000000e6fe8000,0x00000000e7500000)
  to   space 17408K, 0% used [0x00000000e5300000,0x00000000e5300000,0x00000000e6400000)
 ParOldGen       total 314880K, used 194424K [0x00000000a0000000, 0x00000000b3380000, 0x00000000e0000000)
  object space 314880K, 61% used [0x00000000a0000000,0x00000000abdde2b8,0x00000000b3380000)
 Metaspace       used 75226K, capacity 78114K, committed 78484K, reserved 1118208K
  class space    used 9664K, capacity 10339K, committed 10428K, reserved 1048576K
Event: 74.446 GC heap after
Heap after GC invocations=31 (full 6):
 PSYoungGen      total 102400K, used 352K [0x00000000e0000000, 0x00000000e7880000, 0x0000000100000000)
  eden space 84992K, 0% used [0x00000000e0000000,0x00000000e0000000,0x00000000e5300000)
  from space 17408K, 2% used [0x00000000e5300000,0x00000000e5358000,0x00000000e6400000)
  to   space 17920K, 0% used [0x00000000e6700000,0x00000000e6700000,0x00000000e7880000)
 ParOldGen       total 314880K, used 194424K [0x00000000a0000000, 0x00000000b3380000, 0x00000000e0000000)
  object space 314880K, 61% used [0x00000000a0000000,0x00000000abdde2b8,0x00000000b3380000)
 Metaspace       used 75226K, capacity 78114K, committed 78484K, reserved 1118208K
  class space    used 9664K, capacity 10339K, committed 10428K, reserved 1048576K
}

