# JRE version: OpenJDK Runtime Environment (8.0_152-b02) (build 1.8.0_152-release-1024-b02)
# Java VM: OpenJDK 64-Bit Server VM (25.152-b02 mixed mode windows-amd64 compressed oops)
Heap:
 PSYoungGen      total 103424K, used 2544K [0x00000000e0000000, 0x00000000e8d00000, 0x0000000100000000)
  eden space 87040K, 2% used [0x00000000e0000000,0x00000000e027c110,0x00000000e5500000)
  from space 16384K, 0% used [0x00000000e7d00000,0x00000000e7d00000,0x00000000e8d00000)
  to   space 13824K, 0% used [0x00000000e5500000,0x00000000e5500000,0x00000000e6280000)
 ParOldGen       total 102400K, used 29649K [0x00000000a0000000, 0x00000000a6400000, 0x00000000e0000000)
  object space 102400K, 28% used [0x00000000a0000000,0x00000000a1cf4710,0x00000000a6400000)
 Metaspace       used 48406K, capacity 50016K, committed 50264K, reserved 1093632K
  class space    used 6543K, capacity 6990K, committed 7040K, reserved 1048576K
GC Heap History (10 events):
Event: 8.677 GC heap before
{Heap before GC invocations=11 (full 2):
 PSYoungGen      total 79872K, used 69120K [0x00000000e0000000, 0x00000000e5b80000, 0x0000000100000000)
  eden space 69120K, 100% used [0x00000000e0000000,0x00000000e4380000,0x00000000e4380000)
  from space 10752K, 0% used [0x00000000e5100000,0x00000000e5100000,0x00000000e5b80000)
  to   space 12288K, 0% used [0x00000000e4380000,0x00000000e4380000,0x00000000e4f80000)
 ParOldGen       total 102400K, used 16406K [0x00000000a0000000, 0x00000000a6400000, 0x00000000e0000000)
  object space 102400K, 16% used [0x00000000a0000000,0x00000000a10059e8,0x00000000a6400000)
 Metaspace       used 38254K, capacity 38884K, committed 39128K, reserved 1083392K
  class space    used 5167K, capacity 5363K, committed 5376K, reserved 1048576K
Event: 8.689 GC heap after
Heap after GC invocations=11 (full 2):
 PSYoungGen      total 81408K, used 8135K [0x00000000e0000000, 0x00000000e6e80000, 0x0000000100000000)
  eden space 69120K, 0% used [0x00000000e0000000,0x00000000e0000000,0x00000000e4380000)
  from space 12288K, 66% used [0x00000000e4380000,0x00000000e4b71c40,0x00000000e4f80000)
  to   space 12288K, 0% used [0x00000000e6280000,0x00000000e6280000,0x00000000e6e80000)
 ParOldGen       total 102400K, used 16414K [0x00000000a0000000, 0x00000000a6400000, 0x00000000e0000000)
  object space 102400K, 16% used [0x00000000a0000000,0x00000000a10079e8,0x00000000a6400000)
 Metaspace       used 38254K, capacity 38884K, committed 39128K, reserved 1083392K
  class space    used 5167K, capacity 5363K, committed 5376K, reserved 1048576K
}
Event: 10.123 GC heap before
{Heap before GC invocations=12 (full 2):
 PSYoungGen      total 81408K, used 77255K [0x00000000e0000000, 0x00000000e6e80000, 0x0000000100000000)
  eden space 69120K, 100% used [0x00000000e0000000,0x00000000e4380000,0x00000000e4380000)
  from space 12288K, 66% used [0x00000000e4380000,0x00000000e4b71c40,0x00000000e4f80000)
  to   space 12288K, 0% used [0x00000000e6280000,0x00000000e6280000,0x00000000e6e80000)
 ParOldGen       total 102400K, used 16414K [0x00000000a0000000, 0x00000000a6400000, 0x00000000e0000000)
  object space 102400K, 16% used [0x00000000a0000000,0x00000000a10079e8,0x00000000a6400000)
 Metaspace       used 40267K, capacity 41340K, committed 41432K, reserved 1085440K
  class space    used 5521K, capacity 5884K, committed 5888K, reserved 1048576K
Event: 10.141 GC heap after
Heap after GC invocations=12 (full 2):
 PSYoungGen      total 99328K, used 12284K [0x00000000e0000000, 0x00000000e7280000, 0x0000000100000000)
  eden space 87040K, 0% used [0x00000000e0000000,0x00000000e0000000,0x00000000e5500000)
  from space 12288K, 99% used [0x00000000e6280000,0x00000000e6e7f3e8,0x00000000e6e80000)
  to   space 13824K, 0% used [0x00000000e5500000,0x00000000e5500000,0x00000000e6280000)
 ParOldGen       total 102400K, used 16810K [0x00000000a0000000, 0x00000000a6400000, 0x00000000e0000000)
  object space 102400K, 16% used [0x00000000a0000000,0x00000000a106a950,0x00000000a6400000)
 Metaspace       used 40267K, capacity 41340K, committed 41432K, reserved 1085440K
  class space    used 5521K, capacity 5884K, committed 5888K, reserved 1048576K
}
Event: 11.778 GC heap before
{Heap before GC invocations=13 (full 2):
 PSYoungGen      total 99328K, used 99324K [0x00000000e0000000, 0x00000000e7280000, 0x0000000100000000)
  eden space 87040K, 100% used [0x00000000e0000000,0x00000000e5500000,0x00000000e5500000)
  from space 12288K, 99% used [0x00000000e6280000,0x00000000e6e7f3e8,0x00000000e6e80000)
  to   space 13824K, 0% used [0x00000000e5500000,0x00000000e5500000,0x00000000e6280000)
 ParOldGen       total 102400K, used 16810K [0x00000000a0000000, 0x00000000a6400000, 0x00000000e0000000)
  object space 102400K, 16% used [0x00000000a0000000,0x00000000a106a950,0x00000000a6400000)
 Metaspace       used 45832K, capacity 46960K, committed 47064K, reserved 1089536K
  class space    used 6191K, capacity 6568K, committed 6656K, reserved 1048576K
Event: 11.791 GC heap after
Heap after GC invocations=13 (full 2):
 PSYoungGen      total 100864K, used 13817K [0x00000000e0000000, 0x00000000e8d00000, 0x0000000100000000)
  eden space 87040K, 0% used [0x00000000e0000000,0x00000000e0000000,0x00000000e5500000)
  from space 13824K, 99% used [0x00000000e5500000,0x00000000e627e7d8,0x00000000e6280000)
  to   space 16384K, 0% used [0x00000000e7d00000,0x00000000e7d00000,0x00000000e8d00000)
 ParOldGen       total 102400K, used 19289K [0x00000000a0000000, 0x00000000a6400000, 0x00000000e0000000)
  object space 102400K, 18% used [0x00000000a0000000,0x00000000a12d64e8,0x00000000a6400000)
 Metaspace       used 45832K, capacity 46960K, committed 47064K, reserved 1089536K
  class space    used 6191K, capacity 6568K, committed 6656K, reserved 1048576K
}
Event: 13.293 GC heap before
{Heap before GC invocations=14 (full 2):
 PSYoungGen      total 100864K, used 70241K [0x00000000e0000000, 0x00000000e8d00000, 0x0000000100000000)
  eden space 87040K, 64% used [0x00000000e0000000,0x00000000e3719ce0,0x00000000e5500000)
  from space 13824K, 99% used [0x00000000e5500000,0x00000000e627e7d8,0x00000000e6280000)
  to   space 16384K, 0% used [0x00000000e7d00000,0x00000000e7d00000,0x00000000e8d00000)
 ParOldGen       total 102400K, used 19289K [0x00000000a0000000, 0x00000000a6400000, 0x00000000e0000000)
  object space 102400K, 18% used [0x00000000a0000000,0x00000000a12d64e8,0x00000000a6400000)
 Metaspace       used 48400K, capacity 49950K, committed 50008K, reserved 1095680K
  class space    used 6540K, capacity 6989K, committed 7040K, reserved 1048576K
Event: 13.307 GC heap after
Heap after GC invocations=14 (full 2):
 PSYoungGen      total 103424K, used 16363K [0x00000000e0000000, 0x00000000e8d00000, 0x0000000100000000)
  eden space 87040K, 0% used [0x00000000e0000000,0x00000000e0000000,0x00000000e5500000)
  from space 16384K, 99% used [0x00000000e7d00000,0x00000000e8cfad90,0x00000000e8d00000)
  to   space 13824K, 0% used [0x00000000e5500000,0x00000000e5500000,0x00000000e6280000)
 ParOldGen       total 102400K, used 20076K [0x00000000a0000000, 0x00000000a6400000, 0x00000000e0000000)
  object space 102400K, 19% used [0x00000000a0000000,0x00000000a139b130,0x00000000a6400000)
 Metaspace       used 48400K, capacity 49950K, committed 50008K, reserved 1095680K
  class space    used 6540K, capacity 6989K, committed 7040K, reserved 1048576K
}
Event: 13.307 GC heap before
{Heap before GC invocations=15 (full 3):
 PSYoungGen      total 103424K, used 16363K [0x00000000e0000000, 0x00000000e8d00000, 0x0000000100000000)
  eden space 87040K, 0% used [0x00000000e0000000,0x00000000e0000000,0x00000000e5500000)
  from space 16384K, 99% used [0x00000000e7d00000,0x00000000e8cfad90,0x00000000e8d00000)
  to   space 13824K, 0% used [0x00000000e5500000,0x00000000e5500000,0x00000000e6280000)
 ParOldGen       total 102400K, used 20076K [0x00000000a0000000, 0x00000000a6400000, 0x00000000e0000000)
  object space 102400K, 19% used [0x00000000a0000000,0x00000000a139b130,0x00000000a6400000)
 Metaspace       used 48400K, capacity 49950K, committed 50008K, reserved 1095680K
  class space    used 6540K, capacity 6989K, committed 7040K, reserved 1048576K
Event: 13.456 GC heap after
Heap after GC invocations=15 (full 3):
 PSYoungGen      total 103424K, used 0K [0x00000000e0000000, 0x00000000e8d00000, 0x0000000100000000)
  eden space 87040K, 0% used [0x00000000e0000000,0x00000000e0000000,0x00000000e5500000)
  from space 16384K, 0% used [0x00000000e7d00000,0x00000000e7d00000,0x00000000e8d00000)
  to   space 13824K, 0% used [0x00000000e5500000,0x00000000e5500000,0x00000000e6280000)
 ParOldGen       total 102400K, used 29649K [0x00000000a0000000, 0x00000000a6400000, 0x00000000e0000000)
  object space 102400K, 28% used [0x00000000a0000000,0x00000000a1cf4710,0x00000000a6400000)
 Metaspace       used 48400K, capacity 49950K, committed 50008K, reserved 1093632K
  class space    used 6540K, capacity 6989K, committed 7040K, reserved 1048576K
}

